make all --dry-run --always-make --keep-going --print-directory
make: Entering directory `/Users/nathanael/Github/42-School/lib42'
mkdir -p ./build ./objects
 
clear
printf "Made directories: %s\n" ./build ./objects
mkdir -p 'objects/personal'
clang -Wall -Wextra -Werror -std=c99 -I ./headers -c sources/personal/ft_isnull.c -o objects/personal/ft_isnull.o
clear
printf "Linked source: %s into object: %s\n" sources/personal/ft_isnull.c objects/personal/ft_isnull.o
mkdir -p 'objects/personal'
clang -Wall -Wextra -Werror -std=c99 -I ./headers -c sources/personal/ft_free.c -o objects/personal/ft_free.o
clear
printf "Linked source: %s into object: %s\n" sources/personal/ft_free.c objects/personal/ft_free.o
 
mkdir -p 'objects/libc'
clang -Wall -Wextra -Werror -std=c99 -I ./headers -c sources/libc/ft_strnstr.c -o objects/libc/ft_strnstr.o
 
clear
printf "Linked source: %s into object: %s\n" sources/libc/ft_strnstr.c objects/libc/ft_strnstr.o
mkdir -p 'objects/libc'
clang -Wall -Wextra -Werror -std=c99 -I ./headers -c sources/libc/ft_isdigit.c -o objects/libc/ft_isdigit.o
clear
printf "Linked source: %s into object: %s\n" sources/libc/ft_isdigit.c objects/libc/ft_isdigit.o
 
mkdir -p 'objects/libc'
clang -Wall -Wextra -Werror -std=c99 -I ./headers -c sources/libc/ft_strlcpy.c -o objects/libc/ft_strlcpy.o
clear
printf "Linked source: %s into object: %s\n" sources/libc/ft_strlcpy.c objects/libc/ft_strlcpy.o
mkdir -p 'objects/libc'
clang -Wall -Wextra -Werror -std=c99 -I ./headers -c sources/libc/ft_strlen.c -o objects/libc/ft_strlen.o
clear
printf "Linked source: %s into object: %s\n" sources/libc/ft_strlen.c objects/libc/ft_strlen.o
 
mkdir -p 'objects/libc'
clang -Wall -Wextra -Werror -std=c99 -I ./headers -c sources/libc/ft_memcmp.c -o objects/libc/ft_memcmp.o
clear
printf "Linked source: %s into object: %s\n" sources/libc/ft_memcmp.c objects/libc/ft_memcmp.o
 
mkdir -p 'objects/libc'
clang -Wall -Wextra -Werror -std=c99 -I ./headers -c sources/libc/ft_strchr.c -o objects/libc/ft_strchr.o
clear
printf "Linked source: %s into object: %s\n" sources/libc/ft_strchr.c objects/libc/ft_strchr.o
 
mkdir -p 'objects/libc'
clang -Wall -Wextra -Werror -std=c99 -I ./headers -c sources/libc/ft_bzero.c -o objects/libc/ft_bzero.o
clear
printf "Linked source: %s into object: %s\n" sources/libc/ft_bzero.c objects/libc/ft_bzero.o
 
mkdir -p 'objects/libc'
clang -Wall -Wextra -Werror -std=c99 -I ./headers -c sources/libc/ft_isascii.c -o objects/libc/ft_isascii.o
clear
printf "Linked source: %s into object: %s\n" sources/libc/ft_isascii.c objects/libc/ft_isascii.o
 
mkdir -p 'objects/libc'
clang -Wall -Wextra -Werror -std=c99 -I ./headers -c sources/libc/ft_memcpy.c -o objects/libc/ft_memcpy.o
clear
printf "Linked source: %s into object: %s\n" sources/libc/ft_memcpy.c objects/libc/ft_memcpy.o
mkdir -p 'objects/libc'
clang -Wall -Wextra -Werror -std=c99 -I ./headers -c sources/libc/ft_isprint.c -o objects/libc/ft_isprint.o
clear
printf "Linked source: %s into object: %s\n" sources/libc/ft_isprint.c objects/libc/ft_isprint.o
 
mkdir -p 'objects/libc'
clang -Wall -Wextra -Werror -std=c99 -I ./headers -c sources/libc/ft_toupper.c -o objects/libc/ft_toupper.o
clear
printf "Linked source: %s into object: %s\n" sources/libc/ft_toupper.c objects/libc/ft_toupper.o
 
mkdir -p 'objects/libc'
clang -Wall -Wextra -Werror -std=c99 -I ./headers -c sources/libc/ft_strrchr.c -o objects/libc/ft_strrchr.o
clear
printf "Linked source: %s into object: %s\n" sources/libc/ft_strrchr.c objects/libc/ft_strrchr.o
mkdir -p 'objects/libc'
clang -Wall -Wextra -Werror -std=c99 -I ./headers -c sources/libc/ft_isalpha.c -o objects/libc/ft_isalpha.o
clear
 
printf "Linked source: %s into object: %s\n" sources/libc/ft_isalpha.c objects/libc/ft_isalpha.o
mkdir -p 'objects/libc'
clang -Wall -Wextra -Werror -std=c99 -I ./headers -c sources/libc/ft_memchr.c -o objects/libc/ft_memchr.o
 
clear
printf "Linked source: %s into object: %s\n" sources/libc/ft_memchr.c objects/libc/ft_memchr.o
mkdir -p 'objects/libc'
clang -Wall -Wextra -Werror -std=c99 -I ./headers -c sources/libc/ft_memset.c -o objects/libc/ft_memset.o
clear
printf "Linked source: %s into object: %s\n" sources/libc/ft_memset.c objects/libc/ft_memset.o
 
mkdir -p 'objects/libc'
clang -Wall -Wextra -Werror -std=c99 -I ./headers -c sources/libc/ft_strncmp.c -o objects/libc/ft_strncmp.o
clear
printf "Linked source: %s into object: %s\n" sources/libc/ft_strncmp.c objects/libc/ft_strncmp.o
 
mkdir -p 'objects/libc'
clang -Wall -Wextra -Werror -std=c99 -I ./headers -c sources/libc/ft_memmove.c -o objects/libc/ft_memmove.o
clear
printf "Linked source: %s into object: %s\n" sources/libc/ft_memmove.c objects/libc/ft_memmove.o
mkdir -p 'objects/libc'
clang -Wall -Wextra -Werror -std=c99 -I ./headers -c sources/libc/ft_strlcat.c -o objects/libc/ft_strlcat.o
clear
printf "Linked source: %s into object: %s\n" sources/libc/ft_strlcat.c objects/libc/ft_strlcat.o
 
mkdir -p 'objects/libc'
clang -Wall -Wextra -Werror -std=c99 -I ./headers -c sources/libc/ft_atoi.c -o objects/libc/ft_atoi.o
clear
printf "Linked source: %s into object: %s\n" sources/libc/ft_atoi.c objects/libc/ft_atoi.o
mkdir -p 'objects/libc'
clang -Wall -Wextra -Werror -std=c99 -I ./headers -c sources/libc/ft_isalnum.c -o objects/libc/ft_isalnum.o
clear
printf "Linked source: %s into object: %s\n" sources/libc/ft_isalnum.c objects/libc/ft_isalnum.o
mkdir -p 'objects/libc'
clang -Wall -Wextra -Werror -std=c99 -I ./headers -c sources/libc/ft_tolower.c -o objects/libc/ft_tolower.o
clear
printf "Linked source: %s into object: %s\n" sources/libc/ft_tolower.c objects/libc/ft_tolower.o
mkdir -p 'objects/memory'
clang -Wall -Wextra -Werror -std=c99 -I ./headers -c sources/memory/ft_calloc.c -o objects/memory/ft_calloc.o
clear
printf "Linked source: %s into object: %s\n" sources/memory/ft_calloc.c objects/memory/ft_calloc.o
 
mkdir -p 'objects/output'
clang -Wall -Wextra -Werror -std=c99 -I ./headers -c sources/output/ft_putstr_fd.c -o objects/output/ft_putstr_fd.o
clear
printf "Linked source: %s into object: %s\n" sources/output/ft_putstr_fd.c objects/output/ft_putstr_fd.o
 
mkdir -p 'objects/output'
clang -Wall -Wextra -Werror -std=c99 -I ./headers -c sources/output/ft_putnbr_fd.c -o objects/output/ft_putnbr_fd.o
clear
printf "Linked source: %s into object: %s\n" sources/output/ft_putnbr_fd.c objects/output/ft_putnbr_fd.o
 
mkdir -p 'objects/output'
clang -Wall -Wextra -Werror -std=c99 -I ./headers -c sources/output/ft_putendl_fd.c -o objects/output/ft_putendl_fd.o
clear
 
printf "Linked source: %s into object: %s\n" sources/output/ft_putendl_fd.c objects/output/ft_putendl_fd.o
mkdir -p 'objects/output'
clang -Wall -Wextra -Werror -std=c99 -I ./headers -c sources/output/ft_putchar_fd.c -o objects/output/ft_putchar_fd.o
clear
printf "Linked source: %s into object: %s\n" sources/output/ft_putchar_fd.c objects/output/ft_putchar_fd.o
 
mkdir -p 'objects/math'
clang -Wall -Wextra -Werror -std=c99 -I ./headers -c sources/math/ft_abs.c -o objects/math/ft_abs.o
clear
 
printf "Linked source: %s into object: %s\n" sources/math/ft_abs.c objects/math/ft_abs.o
 
mkdir -p 'objects/ft_printf'
clang -Wall -Wextra -Werror -std=c99 -I ./headers -c sources/ft_printf/ft_ishex.c -o objects/ft_printf/ft_ishex.o
clear
printf "Linked source: %s into object: %s\n" sources/ft_printf/ft_ishex.c objects/ft_printf/ft_ishex.o
 
mkdir -p 'objects/ft_printf'
clang -Wall -Wextra -Werror -std=c99 -I ./headers -c sources/ft_printf/ft_isstring.c -o objects/ft_printf/ft_isstring.o
clear
printf "Linked source: %s into object: %s\n" sources/ft_printf/ft_isstring.c objects/ft_printf/ft_isstring.o
 
mkdir -p 'objects/ft_printf'
clang -Wall -Wextra -Werror -std=c99 -I ./headers -c sources/ft_printf/ft_ispointer.c -o objects/ft_printf/ft_ispointer.o
 
clear
printf "Linked source: %s into object: %s\n" sources/ft_printf/ft_ispointer.c objects/ft_printf/ft_ispointer.o
 
mkdir -p 'objects/ft_printf'
clang -Wall -Wextra -Werror -std=c99 -I ./headers -c sources/ft_printf/ft_isperc.c -o objects/ft_printf/ft_isperc.o
clear
printf "Linked source: %s into object: %s\n" sources/ft_printf/ft_isperc.c objects/ft_printf/ft_isperc.o
 
mkdir -p 'objects/ft_printf'
clang -Wall -Wextra -Werror -std=c99 -I ./headers -c sources/ft_printf/ft_printf.c -o objects/ft_printf/ft_printf.o
clear
printf "Linked source: %s into object: %s\n" sources/ft_printf/ft_printf.c objects/ft_printf/ft_printf.o
 
mkdir -p 'objects/ft_printf'
clang -Wall -Wextra -Werror -std=c99 -I ./headers -c sources/ft_printf/ft_ischaracter.c -o objects/ft_printf/ft_ischaracter.o
clear
printf "Linked source: %s into object: %s\n" sources/ft_printf/ft_ischaracter.c objects/ft_printf/ft_ischaracter.o
 
mkdir -p 'objects/ft_printf'
clang -Wall -Wextra -Werror -std=c99 -I ./headers -c sources/ft_printf/ft_check.c -o objects/ft_printf/ft_check.o
clear
printf "Linked source: %s into object: %s\n" sources/ft_printf/ft_check.c objects/ft_printf/ft_check.o
 
mkdir -p 'objects/ft_printf'
clang -Wall -Wextra -Werror -std=c99 -I ./headers -c sources/ft_printf/ft_numlen.c -o objects/ft_printf/ft_numlen.o
clear
printf "Linked source: %s into object: %s\n" sources/ft_printf/ft_numlen.c objects/ft_printf/ft_numlen.o
 
mkdir -p 'objects/ft_printf'
clang -Wall -Wextra -Werror -std=c99 -I ./headers -c sources/ft_printf/ft_isint.c -o objects/ft_printf/ft_isint.o
clear
printf "Linked source: %s into object: %s\n" sources/ft_printf/ft_isint.c objects/ft_printf/ft_isint.o
 
mkdir -p 'objects/ft_printf'
 
clang -Wall -Wextra -Werror -std=c99 -I ./headers -c sources/ft_printf/ft_isunsigned.c -o objects/ft_printf/ft_isunsigned.o
clear
printf "Linked source: %s into object: %s\n" sources/ft_printf/ft_isunsigned.c objects/ft_printf/ft_isunsigned.o
 
mkdir -p 'objects/list'
clang -Wall -Wextra -Werror -std=c99 -I ./headers -c sources/list/ft_lstadd_back.c -o objects/list/ft_lstadd_back.o
 
clear
printf "Linked source: %s into object: %s\n" sources/list/ft_lstadd_back.c objects/list/ft_lstadd_back.o
 
mkdir -p 'objects/list'
clang -Wall -Wextra -Werror -std=c99 -I ./headers -c sources/list/ft_lstnew.c -o objects/list/ft_lstnew.o
clear
printf "Linked source: %s into object: %s\n" sources/list/ft_lstnew.c objects/list/ft_lstnew.o
 
mkdir -p 'objects/list'
clang -Wall -Wextra -Werror -std=c99 -I ./headers -c sources/list/ft_lstlast.c -o objects/list/ft_lstlast.o
clear
printf "Linked source: %s into object: %s\n" sources/list/ft_lstlast.c objects/list/ft_lstlast.o
 
mkdir -p 'objects/list'
clang -Wall -Wextra -Werror -std=c99 -I ./headers -c sources/list/ft_lstclear.c -o objects/list/ft_lstclear.o
clear
printf "Linked source: %s into object: %s\n" sources/list/ft_lstclear.c objects/list/ft_lstclear.o
 
mkdir -p 'objects/list'
clang -Wall -Wextra -Werror -std=c99 -I ./headers -c sources/list/ft_lstiter.c -o objects/list/ft_lstiter.o
clear
printf "Linked source: %s into object: %s\n" sources/list/ft_lstiter.c objects/list/ft_lstiter.o
 
mkdir -p 'objects/list'
clang -Wall -Wextra -Werror -std=c99 -I ./headers -c sources/list/ft_lstmap.c -o objects/list/ft_lstmap.o
clear
 
printf "Linked source: %s into object: %s\n" sources/list/ft_lstmap.c objects/list/ft_lstmap.o
 
mkdir -p 'objects/list'
clang -Wall -Wextra -Werror -std=c99 -I ./headers -c sources/list/ft_lstsize.c -o objects/list/ft_lstsize.o
clear
printf "Linked source: %s into object: %s\n" sources/list/ft_lstsize.c objects/list/ft_lstsize.o
 
mkdir -p 'objects/list'
clang -Wall -Wextra -Werror -std=c99 -I ./headers -c sources/list/ft_lstadd_front.c -o objects/list/ft_lstadd_front.o
clear
printf "Linked source: %s into object: %s\n" sources/list/ft_lstadd_front.c objects/list/ft_lstadd_front.o
 
mkdir -p 'objects/list'
clang -Wall -Wextra -Werror -std=c99 -I ./headers -c sources/list/ft_lstdelone.c -o objects/list/ft_lstdelone.o
clear
printf "Linked source: %s into object: %s\n" sources/list/ft_lstdelone.c objects/list/ft_lstdelone.o
 
mkdir -p 'objects/string'
clang -Wall -Wextra -Werror -std=c99 -I ./headers -c sources/string/ft_striteri.c -o objects/string/ft_striteri.o
clear
 
printf "Linked source: %s into object: %s\n" sources/string/ft_striteri.c objects/string/ft_striteri.o
mkdir -p 'objects/string'
clang -Wall -Wextra -Werror -std=c99 -I ./headers -c sources/string/ft_strjoin.c -o objects/string/ft_strjoin.o
clear
printf "Linked source: %s into object: %s\n" sources/string/ft_strjoin.c objects/string/ft_strjoin.o
 
mkdir -p 'objects/string'
clang -Wall -Wextra -Werror -std=c99 -I ./headers -c sources/string/ft_strncmp_end.c -o objects/string/ft_strncmp_end.o
clear
printf "Linked source: %s into object: %s\n" sources/string/ft_strncmp_end.c objects/string/ft_strncmp_end.o
 
mkdir -p 'objects/string'
clang -Wall -Wextra -Werror -std=c99 -I ./headers -c sources/string/ft_split.c -o objects/string/ft_split.o
clear
printf "Linked source: %s into object: %s\n" sources/string/ft_split.c objects/string/ft_split.o
 
mkdir -p 'objects/string'
clang -Wall -Wextra -Werror -std=c99 -I ./headers -c sources/string/ft_substr.c -o objects/string/ft_substr.o
clear
printf "Linked source: %s into object: %s\n" sources/string/ft_substr.c objects/string/ft_substr.o
 
mkdir -p 'objects/string'
clang -Wall -Wextra -Werror -std=c99 -I ./headers -c sources/string/ft_strmapi.c -o objects/string/ft_strmapi.o
clear
printf "Linked source: %s into object: %s\n" sources/string/ft_strmapi.c objects/string/ft_strmapi.o
 
mkdir -p 'objects/string'
clang -Wall -Wextra -Werror -std=c99 -I ./headers -c sources/string/ft_strtrim.c -o objects/string/ft_strtrim.o
clear
printf "Linked source: %s into object: %s\n" sources/string/ft_strtrim.c objects/string/ft_strtrim.o
 
mkdir -p 'objects/string'
clang -Wall -Wextra -Werror -std=c99 -I ./headers -c sources/string/ft_strdup.c -o objects/string/ft_strdup.o
clear
printf "Linked source: %s into object: %s\n" sources/string/ft_strdup.c objects/string/ft_strdup.o
 
mkdir -p 'objects/string'
clang -Wall -Wextra -Werror -std=c99 -I ./headers -c sources/string/ft_itoa.c -o objects/string/ft_itoa.o
clear
printf "Linked source: %s into object: %s\n" sources/string/ft_itoa.c objects/string/ft_itoa.o
mkdir -p 'objects/string'
 
clang -Wall -Wextra -Werror -std=c99 -I ./headers -c sources/string/ft_strcmp.c -o objects/string/ft_strcmp.o
clear
printf "Linked source: %s into object: %s\n" sources/string/ft_strcmp.c objects/string/ft_strcmp.o
mkdir -p 'objects/get_next_line'
clang -Wall -Wextra -Werror -std=c99 -I ./headers -c sources/get_next_line/get_next_line_utils.c -o objects/get_next_line/get_next_line_utils.o
clear
printf "Linked source: %s into object: %s\n" sources/get_next_line/get_next_line_utils.c objects/get_next_line/get_next_line_utils.o
 
mkdir -p 'objects/get_next_line'
clang -Wall -Wextra -Werror -std=c99 -I ./headers -c sources/get_next_line/get_next_line.c -o objects/get_next_line/get_next_line.o
clear
printf "Linked source: %s into object: %s\n" sources/get_next_line/get_next_line.c objects/get_next_line/get_next_line.o
 
mkdir -p 'objects/error'
clang -Wall -Wextra -Werror -std=c99 -I ./headers -c sources/error/ft_error.c -o objects/error/ft_error.o
clear
printf "Linked source: %s into object: %s\n" sources/error/ft_error.c objects/error/ft_error.o
 
ar -rcs build/lib42.a objects/personal/ft_isnull.o objects/personal/ft_free.o objects/libc/ft_strnstr.o objects/libc/ft_isdigit.o objects/libc/ft_strlcpy.o objects/libc/ft_strlen.o objects/libc/ft_memcmp.o objects/libc/ft_strchr.o objects/libc/ft_bzero.o objects/libc/ft_isascii.o objects/libc/ft_memcpy.o objects/libc/ft_isprint.o objects/libc/ft_toupper.o objects/libc/ft_strrchr.o objects/libc/ft_isalpha.o objects/libc/ft_memchr.o objects/libc/ft_memset.o objects/libc/ft_strncmp.o objects/libc/ft_memmove.o objects/libc/ft_strlcat.o objects/libc/ft_atoi.o objects/libc/ft_isalnum.o objects/libc/ft_tolower.o objects/memory/ft_calloc.o objects/output/ft_putstr_fd.o objects/output/ft_putnbr_fd.o objects/output/ft_putendl_fd.o objects/output/ft_putchar_fd.o objects/math/ft_abs.o objects/ft_printf/ft_ishex.o objects/ft_printf/ft_isstring.o objects/ft_printf/ft_ispointer.o objects/ft_printf/ft_isperc.o objects/ft_printf/ft_printf.o objects/ft_printf/ft_ischaracter.o objects/ft_printf/ft_check.o objects/ft_printf/ft_numlen.o objects/ft_printf/ft_isint.o objects/ft_printf/ft_isunsigned.o objects/list/ft_lstadd_back.o objects/list/ft_lstnew.o objects/list/ft_lstlast.o objects/list/ft_lstclear.o objects/list/ft_lstiter.o objects/list/ft_lstmap.o objects/list/ft_lstsize.o objects/list/ft_lstadd_front.o objects/list/ft_lstdelone.o objects/string/ft_striteri.o objects/string/ft_strjoin.o objects/string/ft_strncmp_end.o objects/string/ft_split.o objects/string/ft_substr.o objects/string/ft_strmapi.o objects/string/ft_strtrim.o objects/string/ft_strdup.o objects/string/ft_itoa.o objects/string/ft_strcmp.o objects/get_next_line/get_next_line_utils.o objects/get_next_line/get_next_line.o objects/error/ft_error.o
clear
printf "Library %s built successfully\n" build/lib42.a
make: Leaving directory `/Users/nathanael/Github/42-School/lib42'
 
