make all --print-data-base --no-builtin-variables --no-builtin-rules --question
# GNU Make 3.81
# Copyright (C) 2006  Free Software Foundation, Inc.
# This is free software; see the source for copying conditions.
# There is NO warranty; not even for MERCHANTABILITY or FITNESS FOR A
# PARTICULAR PURPOSE.

# This program built for i386-apple-darwin11.3.0
 

# Make data base, printed on Sat Apr 30 23:20:14 2022

# Variables

 
# automatic
<D = $(patsubst %/,%,$(dir $<))
# automatic
?F = $(notdir $?)
# makefile (from `Makefile', line 19)
HDRDIR = ./headers
# environment
VSCODE_LOG_NATIVE = false
# automatic
?D = $(patsubst %/,%,$(dir $?))
# automatic
@D = $(patsubst %/,%,$(dir $@))
# automatic
@F = $(notdir $@)
# makefile
CURDIR := /Users/nathanael/Github/42-School/lib42
# makefile
SHELL = /bin/sh
# makefile (from `Makefile', line 45)
RM = rm -rf
# environment
VSCODE_NLS_CONFIG = {"locale":"en-gb","availableLanguages":{},"_languagePackSupport":true}
# environment
_ = /usr/bin/make
# makefile (from `Makefile', line 40)
CFLAGS = -Wall -Wextra -Werror -std=c99 -I $(HDRDIR)
# makefile (from `Makefile', line 1)
MAKEFILE_LIST :=  Makefile
# makefile (from `Makefile', line 47)
CP = cp
# makefile (from `Makefile', line 29)
SOURCES := ./sources/ft_isnull.c ./sources/ft_strnstr.c ./sources/ft_ishex.c ./sources/ft_isdigit.c ./sources/ft_lstadd_back.c ./sources/ft_putstr_fd.c ./sources/ft_lstnew.c ./sources/get_next_line_utils.c ./sources/ft_strlcpy.c ./sources/ft_strlen.c ./sources/ft_isstring.c ./sources/ft_lstlast.c ./sources/ft_memcmp.c ./sources/ft_ispointer.c ./sources/ft_isperc.c ./sources/ft_putnbr_fd.c ./sources/ft_lstclear.c ./sources/ft_lstiter.c ./sources/ft_strchr.c ./sources/ft_printf.c ./sources/ft_striteri.c ./sources/ft_bzero.c ./sources/ft_strjoin.c ./sources/ft_isascii.c ./sources/ft_memcpy.c ./sources/get_next_line.c ./sources/ft_isprint.c ./sources/ft_error.c ./sources/ft_putendl_fd.c ./sources/ft_free.c ./sources/ft_strncmp_end.c ./sources/ft_lstmap.c ./sources/ft_lstsize.c ./sources/ft_toupper.c ./sources/ft_split.c ./sources/ft_lstadd_front.c ./sources/ft_strrchr.c ./sources/ft_isalpha.c ./sources/ft_memchr.c ./sources/ft_putchar_fd.c ./sources/ft_memset.c ./sources/ft_substr.c ./sources/ft_strncmp.c ./sources/ft_strmapi.c ./sources/ft_strtrim.c ./sources/ft_ischaracter.c ./sources/ft_memmove.c ./sources/ft_abs.c ./sources/ft_strlcat.c ./sources/ft_calloc.c ./sources/ft_check.c ./sources/ft_numlen.c ./sources/ft_strdup.c ./sources/ft_isint.c ./sources/ft_atoi.c ./sources/ft_isunsigned.c ./sources/ft_isalnum.c ./sources/ft_lstdelone.c ./sources/ft_itoa.c ./sources/ft_tolower.c ./sources/ft_strcmp.c
# environment
VSCODE_VERBOSE_LOGGING = true
# environment
__CFBundleIdentifier = com.microsoft.VSCode
# environment
P9K_SSH = 0
# environment
VSCODE_IPC_HOOK_EXTHOST = /var/folders/jp/p0rfvnj11tldxjm92zpbbsv80000gn/T/vscode-ipc-fafcc3b9-41fa-464d-a33e-e7cc5a39fd6e.sock
# environment
VSCODE_CWD = /
# environment
PATH = /usr/local/bin:/usr/bin:/bin:/usr/sbin:/sbin:/opt/X11/bin:/Library/Apple/usr/bin:/Library/Frameworks/Mono.framework/Versions/Current/Commands
# environment
LSCOLORS = Gxfxcxdxbxegedabagacad
# makefile (from `Makefile', line 24)
TEMPDIR = $(BLDDIR) $(OBJDIR)
# environment
LaunchInstanceID = 62C75E0E-BF0C-493D-A009-A2B1372137B1
# environment
VSCODE_LOG_STACK = false
# environment
ELECTRON_RUN_AS_NODE = 1
# default
.FEATURES := target-specific order-only second-expansion else-if archives jobserver check-symlink
# environment
SSH_AUTH_SOCK = /private/tmp/com.apple.launchd.kN0o5Bs3bX/Listeners
# makefile (from `Makefile', line 22)
SRCDIR = ./sources
# automatic
%F = $(notdir $%)
# environment
DISPLAY = /private/tmp/com.apple.launchd.uDabx52iyC/org.xquartz:0
# makefile (from `Makefile', line 18)
BLDDIR = ./build
# environment
VSCODE_PIPE_LOGGING = true
# environment
PWD = /Users/nathanael/Github/42-School/lib42
# environment
ORIGINAL_XDG_CURRENT_DESKTOP = undefined
# environment
VSCODE_AMD_ENTRYPOINT = vs/workbench/api/node/extensionHostProcess
# environment
HOME = /Users/nathanael
# default
MAKEFILEPATH := /Applications/Xcode.app/Contents/Developer/Makefiles
# environment
VSCODE_CODE_CACHE_PATH = /Users/nathanael/Library/Application Support/Code/CachedData/dfd34e8260c270da74b5c2d86d61aee4b6d56977
# environment
 
LOGNAME = nathanael
# environment
APPLICATION_INSIGHTS_NO_DIAGNOSTIC_CHANNEL = 1
# makefile (from `Makefile', line 30)
HEADERS := ./headers/lib42.h
# environment
ZSH = /Users/nathanael/.oh-my-zsh
# environment
VSCODE_HANDLES_UNCAUGHT_ERRORS = true
# automatic
^D = $(patsubst %/,%,$(dir $^))
# makefile (from `Makefile', line 46)
MKDIR = mkdir -p
# environment
XPC_FLAGS = 0x0
# default
MAKE = $(MAKE_COMMAND)
# default
MAKECMDGOALS := all
# environment
SHLVL = 1
# makefile (from `Makefile', line 33)
CLNDIR := ./build
# makefile (from `Makefile', line 39)
CC = clang
# default
MAKE_VERSION := 3.81
# environment
USER = nathanael
# makefile
.DEFAULT_GOAL := all
# makefile (from `Makefile', line 34)
FCLN := ./objects
# makefile (from `Makefile', line 13)
NAME = lib42.a
# environment
LESS = -R
# automatic
%D = $(patsubst %/,%,$(dir $%))
# default
MAKE_COMMAND := /Applications/Xcode.app/Contents/Developer/usr/bin/make
# makefile (from `Makefile', line 20)
LIBDIR = ./libraries
# default
.VARIABLES := 
# environment
TMPDIR = /var/folders/jp/p0rfvnj11tldxjm92zpbbsv80000gn/T/
# automatic
*F = $(notdir $*)
# environment
VSCODE_IPC_HOOK = /Users/nathanael/Library/Application Support/Code/1.66.2-main.sock
# makefile
MAKEFLAGS = Rrqp
# environment
MFLAGS = -Rrqp
# automatic
*D = $(patsubst %/,%,$(dir $*))
# environment
XPC_SERVICE_NAME = application.com.microsoft.VSCode.51738003.51738009
# automatic
+D = $(patsubst %/,%,$(dir $+))
# automatic
+F = $(notdir $+)
# environment
__CF_USER_TEXT_ENCODING = 0x1F5:0:15
# environment
COMMAND_MODE = unix2003
# default
MAKEFILES := 
# automatic
<F = $(notdir $<)
# makefile (from `Makefile', line 21)
OBJDIR = ./objects
# makefile (from `Makefile', line 49)
MAKELIB = ar -rcs
# environment
PAGER = less
# environment
LC_ALL = C
# environment
SECURITYSESSIONID = 186a6
# automatic
^F = $(notdir $^)
# default
SUFFIXES := 
# default
.INCLUDE_DIRS = /usr/local/include
# environment
MAKELEVEL := 0
# makefile (from `Makefile', line 31)
 
OBJECTS := ./objects/ft_isnull.o ./objects/ft_strnstr.o ./objects/ft_ishex.o ./objects/ft_isdigit.o ./objects/ft_lstadd_back.o ./objects/ft_putstr_fd.o ./objects/ft_lstnew.o ./objects/get_next_line_utils.o ./objects/ft_strlcpy.o ./objects/ft_strlen.o ./objects/ft_isstring.o ./objects/ft_lstlast.o ./objects/ft_memcmp.o ./objects/ft_ispointer.o ./objects/ft_isperc.o ./objects/ft_putnbr_fd.o ./objects/ft_lstclear.o ./objects/ft_lstiter.o ./objects/ft_strchr.o ./objects/ft_printf.o ./objects/ft_striteri.o ./objects/ft_bzero.o ./objects/ft_strjoin.o ./objects/ft_isascii.o ./objects/ft_memcpy.o ./objects/get_next_line.o ./objects/ft_isprint.o ./objects/ft_error.o ./objects/ft_putendl_fd.o ./objects/ft_free.o ./objects/ft_strncmp_end.o ./objects/ft_lstmap.o ./objects/ft_lstsize.o ./objects/ft_toupper.o ./objects/ft_split.o ./objects/ft_lstadd_front.o ./objects/ft_strrchr.o ./objects/ft_isalpha.o ./objects/ft_memchr.o ./objects/ft_putchar_fd.o ./objects/ft_memset.o ./objects/ft_substr.o ./objects/ft_strncmp.o ./objects/ft_strmapi.o ./objects/ft_strtrim.o ./objects/ft_ischaracter.o ./objects/ft_memmove.o ./objects/ft_abs.o ./objects/ft_strlcat.o ./objects/ft_calloc.o ./objects/ft_check.o ./objects/ft_numlen.o ./objects/ft_strdup.o ./objects/ft_isint.o ./objects/ft_atoi.o ./objects/ft_isunsigned.o ./objects/ft_isalnum.o ./objects/ft_lstdelone.o ./objects/ft_itoa.o ./objects/ft_tolower.o ./objects/ft_strcmp.o
# environment
LANG = C
# environment
VSCODE_PID = 398
# variable set hash-table stats:
# Load=88/1024=9%, Rehash=0, Collisions=7/139=5%

# Pattern-specific Variable Values

# No pattern-specific variable values.

# Directories

# . (device 16777220, inode 49855504): 12 files, no impossibilities.
# ./sources (device 16777220, inode 60531947): No files, no impossibilities so far.

# 12 files, no impossibilities in 2 directories.

# Implicit Rules

objects/%.o: ./sources/%.c
#  commands to execute (from `Makefile', line 69):
	@$(MKDIR) '$(@D)'
	@$(CC) $(CFLAGS) -c $< -o $@
	@clear
	@printf "Linked source: %s into object: %s\n" $< $@
	

# 1 implicit rules, 0 (0.0%) terminal.

# Files

# Not a target:
objects/ft_isdigit.o:
#  Implicit rule search has not been done.
#  Modification time never checked.
#  File has not been updated.

# Not a target:
objects/ft_lstlast.o:
#  Implicit rule search has not been done.
#  Modification time never checked.
#  File has not been updated.

# Not a target:
objects/ft_memchr.o:
#  Implicit rule search has not been done.
#  Modification time never checked.
#  File has not been updated.

# Not a target:
objects/ft_memset.o:
#  Implicit rule search has not been done.
#  Modification time never checked.
#  File has not been updated.

# Not a target:
objects/ft_tolower.o:
#  Implicit rule search has not been done.
#  Modification time never checked.
#  File has not been updated.

all: dirs build/lib42.a
#  Command-line target.
#  Implicit rule search has been done.
#  File does not exist.
#  File has been updated.
#  Needs to be updated (-q is set).
# variable set hash-table stats:
# Load=0/32=0%, Rehash=0, Collisions=0/9=0%

# Not a target:
objects/ft_strrchr.o:
#  Implicit rule search has not been done.
#  Modification time never checked.
#  File has not been updated.

# Not a target:
objects/ft_strjoin.o:
#  Implicit rule search has not been done.
#  Modification time never checked.
#  File has not been updated.

 
# Not a target:
objects/ft_split.o:
#  Implicit rule search has not been done.
#  Modification time never checked.
#  File has not been updated.

# Not a target:
objects/ft_lstclear.o:
#  Implicit rule search has not been done.
#  Modification time never checked.
#  File has not been updated.

# Not a target:
objects/ft_printf.o:
#  Implicit rule search has not been done.
#  Modification time never checked.
#  File has not been updated.

# Not a target:
objects/ft_check.o:
#  Implicit rule search has not been done.
#  Modification time never checked.
#  File has not been updated.

# Not a target:
objects/ft_isint.o:
#  Implicit rule search has not been done.
#  Modification time never checked.
#  File has not been updated.

# Not a target:
objects/ft_strlcat.o:
#  Implicit rule search has not been done.
#  Modification time never checked.
#  File has not been updated.

# Not a target:
objects/ft_ishex.o:
#  Implicit rule search has not been done.
#  Modification time never checked.
#  File has not been updated.

# Not a target:
objects/ft_bzero.o:
#  Implicit rule search has not been done.
#  Modification time never checked.
#  File has not been updated.

# Not a target:
objects/ft_isprint.o:
#  Implicit rule search has not been done.
#  Modification time never checked.
#  File has not been updated.

# Not a target:
.SUFFIXES:
#  Implicit rule search has not been done.
#  Modification time never checked.
#  File has not been updated.

# Not a target:
objects/ft_lstmap.o:
#  Implicit rule search has not been done.
#  Modification time never checked.
#  File has not been updated.

# Not a target:
objects/ft_strncmp_end.o:
#  Implicit rule search has not been done.
#  Modification time never checked.
#  File has not been updated.

# Not a target:
Makefile:
#  Implicit rule search has been done.
#  Last modified 2022-04-30 23:20:00
#  File has been updated.
#  Successfully updated.
# variable set hash-table stats:
# Load=0/32=0%, Rehash=0, Collisions=0/0=0%

# Not a target:
objects/ft_ispointer.o:
#  Implicit rule search has not been done.
#  Modification time never checked.
#  File has not been updated.

# Not a target:
objects/ft_lstnew.o:
#  Implicit rule search has not been done.
#  Modification time never checked.
#  File has not been updated.

# Not a target:
objects/ft_isnull.o:
#  Implicit rule search has not been done.
#  Modification time never checked.
#  File has not been updated.

# Not a target:
objects/ft_putnbr_fd.o:
#  Implicit rule search has not been done.
#  Modification time never checked.
#  File has not been updated.

# Not a target:
objects/get_next_line_utils.o:
#  Implicit rule search has not been done.
#  Modification time never checked.
#  File has not been updated.

dirs:
#  Implicit rule search has not been done.
#  Implicit/static pattern stem: `'
#  File does not exist.
#  File has been updated.
#  Needs to be updated (-q is set).
# automatic
# @ := dirs
# automatic
# % := 
# automatic
# * := 
# automatic
# + := 
# automatic
# | := 
# automatic
# < := 
# automatic
# ^ := 
# automatic
# ? := 
# variable set hash-table stats:
# Load=8/32=25%, Rehash=0, Collisions=1/17=6%
#  commands to execute (from `Makefile', line 59):
	@$(MKDIR) $(TEMPDIR)
	@clear
	@printf "Made directories: %s\n" $(TEMPDIR)
	

# Not a target:
objects/ft_calloc.o:
#  Implicit rule search has not been done.
#  Modification time never checked.
#  File has not been updated.

# Not a target:
objects/ft_substr.o:
#  Implicit rule search has not been done.
#  Modification time never checked.
#  File has not been updated.

# Not a target:
objects/ft_numlen.o:
#  Implicit rule search has not been done.
#  Modification time never checked.
#  File has not been updated.

# Not a target:
objects/ft_atoi.o:
#  Implicit rule search has not been done.
#  Modification time never checked.
#  File has not been updated.

fclean:
#  Implicit rule search has not been done.
#  Modification time never checked.
#  File has not been updated.
#  commands to execute (from `Makefile', line 80):
 
	@$(RM) $(FCLN)
	@clear
	@printf "Cleaned: %s\n" $(FCLN)
	

# Not a target:
objects/ft_isalpha.o:
#  Implicit rule search has not been done.
#  Modification time never checked.
#  File has not been updated.

# Not a target:
objects/ft_lstsize.o:
#  Implicit rule search has not been done.
#  Modification time never checked.
#  File has not been updated.

# Not a target:
objects/ft_isunsigned.o:
#  Implicit rule search has not been done.
#  Modification time never checked.
#  File has not been updated.

# Not a target:
objects/ft_strlcpy.o:
#  Implicit rule search has not been done.
#  Modification time never checked.
#  File has not been updated.

# Not a target:
objects/ft_striteri.o:
#  Implicit rule search has not been done.
#  Modification time never checked.
#  File has not been updated.

build/lib42.a: objects/ft_isnull.o objects/ft_strnstr.o objects/ft_ishex.o objects/ft_isdigit.o objects/ft_lstadd_back.o objects/ft_putstr_fd.o objects/ft_lstnew.o objects/get_next_line_utils.o objects/ft_strlcpy.o objects/ft_strlen.o objects/ft_isstring.o objects/ft_lstlast.o objects/ft_memcmp.o objects/ft_ispointer.o objects/ft_isperc.o objects/ft_putnbr_fd.o objects/ft_lstclear.o objects/ft_lstiter.o objects/ft_strchr.o objects/ft_printf.o objects/ft_striteri.o objects/ft_bzero.o objects/ft_strjoin.o objects/ft_isascii.o objects/ft_memcpy.o objects/get_next_line.o objects/ft_isprint.o objects/ft_error.o objects/ft_putendl_fd.o objects/ft_free.o objects/ft_strncmp_end.o objects/ft_lstmap.o objects/ft_lstsize.o objects/ft_toupper.o objects/ft_split.o objects/ft_lstadd_front.o objects/ft_strrchr.o objects/ft_isalpha.o objects/ft_memchr.o objects/ft_putchar_fd.o objects/ft_memset.o objects/ft_substr.o objects/ft_strncmp.o objects/ft_strmapi.o objects/ft_strtrim.o objects/ft_ischaracter.o objects/ft_memmove.o objects/ft_abs.o objects/ft_strlcat.o objects/ft_calloc.o objects/ft_check.o objects/ft_numlen.o objects/ft_strdup.o objects/ft_isint.o objects/ft_atoi.o objects/ft_isunsigned.o objects/ft_isalnum.o objects/ft_lstdelone.o objects/ft_itoa.o objects/ft_tolower.o objects/ft_strcmp.o
#  Implicit rule search has not been done.
#  Modification time never checked.
#  File has not been updated.
#  commands to execute (from `Makefile', line 64):
	@$(MAKELIB) $@ $^
	@clear
	@printf "Library %s built successfully\n" $@
	

# Not a target:
objects/ft_strncmp.o:
#  Implicit rule search has not been done.
#  Modification time never checked.
#  File has not been updated.

# Not a target:
.DEFAULT:
#  Implicit rule search has not been done.
#  Modification time never checked.
#  File has not been updated.

# Not a target:
objects/ft_isalnum.o:
#  Implicit rule search has not been done.
#  Modification time never checked.
 
#  File has not been updated.

# Not a target:
objects/ft_strcmp.o:
#  Implicit rule search has not been done.
#  Modification time never checked.
#  File has not been updated.

# Not a target:
objects/ft_lstadd_front.o:
#  Implicit rule search has not been done.
#  Modification time never checked.
#  File has not been updated.

# Not a target:
objects/ft_strdup.o:
#  Implicit rule search has not been done.
#  Modification time never checked.
#  File has not been updated.

# Not a target:
objects/ft_lstdelone.o:
#  Implicit rule search has not been done.
#  Modification time never checked.
#  File has not been updated.

# Not a target:
objects/ft_memmove.o:
#  Implicit rule search has not been done.
#  Modification time never checked.
#  File has not been updated.

re: clean all
#  Implicit rule search has not been done.
#  Modification time never checked.
#  File has not been updated.
#  commands to execute (from `Makefile', line 85):
	@clear
	@printf "Cleaned and remade all files!\n"
	

# Not a target:
objects/ft_strchr.o:
#  Implicit rule search has not been done.
#  Modification time never checked.
#  File has not been updated.

clean:
#  Implicit rule search has not been done.
#  Modification time never checked.
#  File has not been updated.
#  commands to execute (from `Makefile', line 75):
	@$(RM) $(CLNDIR)
	@clear
	@printf "Cleaned: %s\n" $(CLNDIR)
	

# Not a target:
objects/ft_free.o:
#  Implicit rule search has not been done.
#  Modification time never checked.
#  File has not been updated.

# Not a target:
objects/ft_toupper.o:
#  Implicit rule search has not been done.
#  Modification time never checked.
#  File has not been updated.

# Not a target:
objects/ft_ischaracter.o:
#  Implicit rule search has not been done.
#  Modification time never checked.
#  File has not been updated.

# Not a target:
objects/ft_strnstr.o:
#  Implicit rule search has not been done.
#  Modification time never checked.
#  File has not been updated.

# Not a target:
objects/ft_putstr_fd.o:
#  Implicit rule search has not been done.
 
#  Modification time never checked.
#  File has not been updated.

# Not a target:
objects/get_next_line.o:
#  Implicit rule search has not been done.
#  Modification time never checked.
#  File has not been updated.

# Not a target:
objects/ft_putchar_fd.o:
#  Implicit rule search has not been done.
#  Modification time never checked.
#  File has not been updated.

# Not a target:
objects/ft_isascii.o:
#  Implicit rule search has not been done.
#  Modification time never checked.
#  File has not been updated.

# Not a target:
objects/ft_isperc.o:
#  Implicit rule search has not been done.
#  Modification time never checked.
#  File has not been updated.

# Not a target:
objects/ft_isstring.o:
#  Implicit rule search has not been done.
#  Modification time never checked.
#  File has not been updated.

# Not a target:
objects/ft_strtrim.o:
#  Implicit rule search has not been done.
#  Modification time never checked.
#  File has not been updated.

.DELETE_ON_ERROR:
#  Implicit rule search has not been done.
#  Modification time never checked.
#  File has not been updated.

# Not a target:
objects/ft_error.o:
#  Implicit rule search has not been done.
#  Modification time never checked.
#  File has not been updated.

# Not a target:
objects/ft_lstadd_back.o:
#  Implicit rule search has not been done.
#  Modification time never checked.
#  File has not been updated.

# Not a target:
objects/ft_putendl_fd.o:
#  Implicit rule search has not been done.
#  Modification time never checked.
#  File has not been updated.

# Not a target:
objects/ft_strmapi.o:
#  Implicit rule search has not been done.
#  Modification time never checked.
#  File has not been updated.

# Not a target:
objects/ft_lstiter.o:
#  Implicit rule search has not been done.
#  Modification time never checked.
#  File has not been updated.

# Not a target:
objects/ft_abs.o:
#  Implicit rule search has not been done.
#  Modification time never checked.
#  File has not been updated.

# Not a target:
objects/ft_memcpy.o:
#  Implicit rule search has not been done.
#  Modification time never checked.
#  File has not been updated.

# Not a target:
objects/ft_itoa.o:
 
#  Implicit rule search has not been done.
#  Modification time never checked.
#  File has not been updated.

# Not a target:
objects/ft_memcmp.o:
#  Implicit rule search has not been done.
#  Modification time never checked.
#  File has not been updated.

# Not a target:
objects/ft_strlen.o:
#  Implicit rule search has not been done.
#  Modification time never checked.
#  File has not been updated.

# files hash-table stats:
# Load=71/1024=7%, Rehash=0, Collisions=9/150=6%
# VPATH Search Paths

# No `vpath' search paths.

# No general (`VPATH' variable) search path.

# # of strings in strcache: 1
# # of strcache buffers: 1
# strcache size: total = 4096 / max = 4096 / min = 4096 / avg = 4096
# strcache free: total = 4087 / max = 4087 / min = 4087 / avg = 4087

# Finished Make data base on Sat Apr 30 23:20:14 2022

 
